2025-10-25 18:01:59,225 - main - INFO - Starting Ajebo Tailor Backend API...
2025-10-25 18:01:59,488 - shared.db - INFO - Database connection pool created successfully
2025-10-25 18:01:59,488 - main - INFO - Database connection established
2025-10-25 18:01:59,501 - shared.schema - INFO - Database schema initialized successfully
2025-10-25 18:01:59,506 - shared.schema - INFO - Database already has data, skipping seed
2025-10-25 18:01:59,506 - main - INFO - Database schema initialized
2025-10-25 18:01:59,520 - shared.schema - INFO - Customizations column already exists in cart_items table
2025-10-25 18:01:59,522 - main - INFO - Database migrations applied
2025-10-25 18:01:59,524 - main - WARNING - Redis connection failed: Error 61 connecting to localhost:6379. 61.. Rate limiting will use in-memory storage.
2025-10-25 18:01:59,524 - main - INFO - Application startup completed successfully
2025-10-25 18:02:28,352 - main - INFO - GET /health - Client: 127.0.0.1
2025-10-25 18:02:28,354 - main - ERROR - Health check failed: 'DatabaseManager' object has no attribute 'health_check'
2025-10-25 18:02:28,356 - main - INFO - GET /health - Status: 503 - Time: 0.003s
2025-10-25 18:05:25,698 - main - INFO - OPTIONS /api/v1/auth/me - Client: 127.0.0.1
2025-10-25 18:05:25,714 - main - INFO - OPTIONS /api/v1/auth/me - Status: 200 - Time: 0.017s
2025-10-25 18:05:25,839 - main - INFO - OPTIONS /api/v1/users/addresses - Client: 127.0.0.1
2025-10-25 18:05:25,839 - main - INFO - OPTIONS /api/v1/orders/31f9879e-a617-475b-a438-dc1e96bae6b2 - Client: 127.0.0.1
2025-10-25 18:05:25,841 - main - INFO - OPTIONS /api/v1/users/addresses - Status: 200 - Time: 0.002s
2025-10-25 18:05:25,842 - main - INFO - OPTIONS /api/v1/orders/31f9879e-a617-475b-a438-dc1e96bae6b2 - Status: 200 - Time: 0.003s
2025-10-25 18:05:26,015 - main - INFO - OPTIONS /api/v1/cart - Client: 127.0.0.1
2025-10-25 18:05:26,017 - main - INFO - OPTIONS /api/v1/cart - Status: 200 - Time: 0.002s
2025-10-25 18:06:10,916 - main - INFO - OPTIONS /api/v1/auth/login - Client: 127.0.0.1
2025-10-25 18:06:10,920 - main - INFO - OPTIONS /api/v1/auth/login - Status: 200 - Time: 0.004s
2025-10-25 18:06:10,924 - main - INFO - POST /api/v1/auth/login - Client: 127.0.0.1
2025-10-25 18:06:10,954 - modules.auth.manager - ERROR - Authentication failed: Invalid email or password
2025-10-25 18:06:10,955 - main - INFO - POST /api/v1/auth/login - Status: 401 - Time: 0.031s
2025-10-25 18:06:10,959 - main - INFO - OPTIONS /api/v1/auth/refresh - Client: 127.0.0.1
2025-10-25 18:06:10,964 - main - INFO - OPTIONS /api/v1/auth/refresh - Status: 200 - Time: 0.005s
2025-10-25 18:06:10,975 - main - INFO - POST /api/v1/auth/refresh - Client: 127.0.0.1
2025-10-25 18:06:11,052 - modules.auth.manager - ERROR - Token refresh failed: Refresh token has been revoked or expired
2025-10-25 18:06:11,053 - main - INFO - POST /api/v1/auth/refresh - Status: 401 - Time: 0.078s
2025-10-25 18:07:23,626 - main - INFO - OPTIONS /api/v1/auth/register - Client: 127.0.0.1
2025-10-25 18:07:23,628 - main - INFO - OPTIONS /api/v1/auth/register - Status: 200 - Time: 0.001s
2025-10-25 18:07:23,633 - main - INFO - POST /api/v1/auth/register - Client: 127.0.0.1
2025-10-25 18:07:23,649 - passlib.handlers.bcrypt - WARNING - (trapped) error reading bcrypt version
Traceback (most recent call last):
  File "/Applications/wobin/ajebo-tailor/backend-api/env/lib/python3.12/site-packages/passlib/handlers/bcrypt.py", line 620, in _load_backend_mixin
    version = _bcrypt.__about__.__version__
              ^^^^^^^^^^^^^^^^^
AttributeError: module 'bcrypt' has no attribute '__about__'
2025-10-25 18:07:23,984 - modules.auth.manager - INFO - User registered successfully: nathanielmusa3@gmail.com
2025-10-25 18:07:23,988 - main - INFO - POST /api/v1/auth/register - Status: 200 - Time: 0.355s
2025-10-25 18:07:28,692 - main - INFO - OPTIONS /api/v1/products/featured - Client: 127.0.0.1
2025-10-25 18:07:28,719 - main - INFO - OPTIONS /api/v1/products/featured - Status: 200 - Time: 0.026s
2025-10-25 18:07:28,750 - main - INFO - GET /api/v1/products/featured - Client: 127.0.0.1
2025-10-25 18:07:28,848 - main - INFO - GET /api/v1/products/featured - Status: 200 - Time: 0.099s
2025-10-25 18:09:18,901 - main - INFO - POST /api/v1/auth/login - Client: 127.0.0.1
2025-10-25 18:09:19,267 - modules.auth.manager - INFO - User authenticated successfully: nathanielmusa3@gmail.com
2025-10-25 18:09:19,268 - main - INFO - POST /api/v1/auth/login - Status: 200 - Time: 0.367s
2025-10-25 18:09:19,296 - main - INFO - GET /api/v1/cart - Client: 127.0.0.1
2025-10-25 18:09:19,319 - main - INFO - GET /api/v1/cart - Status: 200 - Time: 0.024s
2025-10-25 18:09:22,827 - main - INFO - OPTIONS /api/v1/cart/items - Client: 127.0.0.1
2025-10-25 18:09:22,828 - main - INFO - OPTIONS /api/v1/cart/items - Status: 200 - Time: 0.001s
2025-10-25 18:09:22,831 - main - INFO - POST /api/v1/cart/items - Client: 127.0.0.1
2025-10-25 18:09:22,850 - main - INFO - POST /api/v1/cart/items - Status: 200 - Time: 0.020s
2025-10-25 18:09:22,880 - main - INFO - GET /api/v1/cart - Client: 127.0.0.1
2025-10-25 18:09:22,888 - main - INFO - GET /api/v1/cart - Status: 200 - Time: 0.009s
2025-10-25 18:09:28,239 - main - INFO - OPTIONS /api/v1/orders - Client: 127.0.0.1
2025-10-25 18:09:28,239 - main - INFO - OPTIONS /api/v1/orders - Status: 200 - Time: 0.001s
2025-10-25 18:09:28,255 - main - INFO - POST /api/v1/orders - Client: 127.0.0.1
2025-10-25 18:09:28,274 - main - INFO - POST /api/v1/orders - Status: 422 - Time: 0.019s
2025-10-25 18:10:05,031 - main - INFO - POST /api/v1/orders - Client: 127.0.0.1
2025-10-25 18:10:05,082 - main - INFO - POST /api/v1/orders - Status: 422 - Time: 0.051s
2025-10-25 18:11:19,252 - main - INFO - POST /api/v1/orders - Client: 127.0.0.1
2025-10-25 18:11:19,264 - main - INFO - POST /api/v1/orders - Status: 422 - Time: 0.012s
2025-10-25 18:15:52,696 - main - INFO - POST /api/v1/auth/login - Client: 127.0.0.1
2025-10-25 18:15:53,094 - modules.auth.manager - ERROR - Authentication failed: Invalid email or password
2025-10-25 18:15:53,095 - main - INFO - POST /api/v1/auth/login - Status: 401 - Time: 0.399s
2025-10-25 18:15:53,123 - main - INFO - POST /api/v1/orders - Client: 127.0.0.1
2025-10-25 18:15:53,128 - main - INFO - POST /api/v1/orders - Status: 403 - Time: 0.004s
2025-10-25 18:16:27,626 - main - INFO - Shutting down Ajebo Tailor Backend API...
2025-10-25 18:16:27,695 - shared.db - INFO - Database connection pool closed
2025-10-25 18:16:27,696 - main - INFO - Database connection closed
2025-10-25 18:16:33,927 - main - INFO - Starting Ajebo Tailor Backend API...
2025-10-25 18:16:34,416 - shared.db - INFO - Database connection pool created successfully
2025-10-25 18:16:34,417 - main - INFO - Database connection established
2025-10-25 18:16:34,445 - shared.schema - INFO - Database schema initialized successfully
2025-10-25 18:16:34,449 - shared.schema - INFO - Database already has data, skipping seed
2025-10-25 18:16:34,450 - main - INFO - Database schema initialized
2025-10-25 18:16:34,468 - shared.schema - INFO - Customizations column already exists in cart_items table
2025-10-25 18:16:34,469 - main - INFO - Database migrations applied
2025-10-25 18:16:34,470 - main - WARNING - Redis connection failed: Error 61 connecting to localhost:6379. 61.. Rate limiting will use in-memory storage.
2025-10-25 18:16:34,471 - main - INFO - Application startup completed successfully
2025-10-25 18:16:51,297 - main - INFO - Shutting down Ajebo Tailor Backend API...
2025-10-25 18:16:51,385 - shared.db - INFO - Database connection pool closed
2025-10-25 18:16:51,386 - main - INFO - Database connection closed
2025-10-25 18:16:56,437 - main - INFO - Starting Ajebo Tailor Backend API...
2025-10-25 18:16:56,843 - shared.db - INFO - Database connection pool created successfully
2025-10-25 18:16:56,844 - main - INFO - Database connection established
2025-10-25 18:16:56,861 - shared.schema - INFO - Database schema initialized successfully
2025-10-25 18:16:56,863 - shared.schema - INFO - Database already has data, skipping seed
2025-10-25 18:16:56,864 - main - INFO - Database schema initialized
2025-10-25 18:16:56,878 - shared.schema - INFO - Customizations column already exists in cart_items table
2025-10-25 18:16:56,878 - main - INFO - Database migrations applied
2025-10-25 18:16:56,880 - main - WARNING - Redis connection failed: Error 61 connecting to localhost:6379. 61.. Rate limiting will use in-memory storage.
2025-10-25 18:16:56,881 - main - INFO - Application startup completed successfully
2025-10-25 18:18:51,185 - main - INFO - Shutting down Ajebo Tailor Backend API...
2025-10-25 18:18:51,234 - shared.db - INFO - Database connection pool closed
2025-10-25 18:18:51,234 - main - INFO - Database connection closed
2025-10-25 18:18:55,713 - main - INFO - Starting Ajebo Tailor Backend API...
2025-10-25 18:18:55,987 - shared.db - INFO - Database connection pool created successfully
2025-10-25 18:18:55,987 - main - INFO - Database connection established
2025-10-25 18:18:55,999 - shared.schema - INFO - Database schema initialized successfully
2025-10-25 18:18:56,002 - shared.schema - INFO - Database already has data, skipping seed
2025-10-25 18:18:56,002 - main - INFO - Database schema initialized
2025-10-25 18:18:56,012 - shared.schema - INFO - Customizations column already exists in cart_items table
2025-10-25 18:18:56,013 - main - INFO - Database migrations applied
2025-10-25 18:18:56,014 - main - WARNING - Redis connection failed: Error 61 connecting to localhost:6379. 61.. Rate limiting will use in-memory storage.
2025-10-25 18:18:56,015 - main - INFO - Application startup completed successfully
2025-10-25 18:19:12,343 - main - INFO - Shutting down Ajebo Tailor Backend API...
2025-10-25 18:19:12,359 - shared.db - INFO - Database connection pool closed
2025-10-25 18:19:12,359 - main - INFO - Database connection closed
2025-10-25 18:20:44,206 - main - INFO - Starting Ajebo Tailor Backend API...
2025-10-25 18:20:44,787 - shared.db - INFO - Database connection pool created successfully
2025-10-25 18:20:44,787 - main - INFO - Database connection established
2025-10-25 18:20:44,864 - shared.schema - INFO - Database schema initialized successfully
2025-10-25 18:20:44,872 - shared.schema - INFO - Database already has data, skipping seed
2025-10-25 18:20:44,872 - main - INFO - Database schema initialized
2025-10-25 18:20:44,897 - shared.schema - INFO - Customizations column already exists in cart_items table
2025-10-25 18:20:44,899 - main - INFO - Database migrations applied
2025-10-25 18:20:44,904 - main - WARNING - Redis connection failed: Error 61 connecting to localhost:6379. 61.. Rate limiting will use in-memory storage.
2025-10-25 18:20:44,905 - main - INFO - Application startup completed successfully
2025-10-25 18:20:48,009 - main - INFO - OPTIONS /api/v1/auth/login - Client: 127.0.0.1
2025-10-25 18:20:48,015 - main - INFO - OPTIONS /api/v1/auth/login - Status: 200 - Time: 0.006s
2025-10-25 18:20:48,023 - main - INFO - POST /api/v1/auth/login - Client: 127.0.0.1
2025-10-25 18:20:48,063 - passlib.handlers.bcrypt - WARNING - (trapped) error reading bcrypt version
Traceback (most recent call last):
  File "/Applications/wobin/ajebo-tailor/backend-api/env/lib/python3.12/site-packages/passlib/handlers/bcrypt.py", line 620, in _load_backend_mixin
    version = _bcrypt.__about__.__version__
              ^^^^^^^^^^^^^^^^^
AttributeError: module 'bcrypt' has no attribute '__about__'
2025-10-25 18:20:48,464 - modules.auth.manager - INFO - User authenticated successfully: nathanielmusa3@gmail.com
2025-10-25 18:20:48,466 - main - INFO - POST /api/v1/auth/login - Status: 200 - Time: 0.443s
2025-10-25 18:20:48,673 - main - INFO - OPTIONS /api/v1/cart - Client: 127.0.0.1
2025-10-25 18:20:48,677 - main - INFO - OPTIONS /api/v1/cart - Status: 200 - Time: 0.004s
2025-10-25 18:20:48,697 - main - INFO - OPTIONS /api/v1/users/addresses - Client: 127.0.0.1
2025-10-25 18:20:48,722 - main - INFO - GET /api/v1/cart - Client: 127.0.0.1
2025-10-25 18:20:48,790 - main - INFO - OPTIONS /api/v1/users/addresses - Status: 200 - Time: 0.093s
2025-10-25 18:20:48,809 - main - INFO - GET /api/v1/users/addresses - Client: 127.0.0.1
2025-10-25 18:20:49,075 - main - INFO - GET /api/v1/cart - Status: 200 - Time: 0.353s
2025-10-25 18:20:49,180 - main - INFO - GET /api/v1/users/addresses - Status: 200 - Time: 0.371s
2025-10-25 18:20:53,961 - main - INFO - OPTIONS /api/v1/products/featured - Client: 127.0.0.1
2025-10-25 18:20:53,975 - main - INFO - OPTIONS /api/v1/products/featured - Status: 200 - Time: 0.014s
2025-10-25 18:20:53,982 - main - INFO - GET /api/v1/products/featured - Client: 127.0.0.1
2025-10-25 18:20:54,073 - main - INFO - GET /api/v1/products/featured - Status: 200 - Time: 0.092s
2025-10-25 18:21:02,681 - main - INFO - OPTIONS /api/v1/orders - Client: 127.0.0.1
2025-10-25 18:21:02,682 - main - INFO - OPTIONS /api/v1/orders - Status: 200 - Time: 0.001s
2025-10-25 18:21:02,693 - main - INFO - GET /api/v1/orders - Client: 127.0.0.1
2025-10-25 18:21:02,796 - main - INFO - GET /api/v1/users/addresses - Client: 127.0.0.1
2025-10-25 18:21:02,957 - main - INFO - GET /api/v1/users/addresses - Status: 200 - Time: 0.161s
2025-10-25 18:21:02,978 - main - INFO - GET /api/v1/users/addresses - Client: 127.0.0.1
2025-10-25 18:21:03,064 - main - INFO - GET /api/v1/users/addresses - Status: 200 - Time: 0.086s
2025-10-25 18:21:03,284 - main - INFO - GET /api/v1/orders - Status: 200 - Time: 0.591s
2025-10-25 18:22:39,767 - main - INFO - POST /api/v1/users/addresses - Client: 127.0.0.1
2025-10-25 18:22:39,838 - modules.users.manager - INFO - Address created for user 231eeb5a-d43e-4a90-bc15-af8771784405: b9ea2928-8cf0-4083-9964-3d954b1622bd
2025-10-25 18:22:39,852 - main - INFO - POST /api/v1/users/addresses - Status: 200 - Time: 0.085s
2025-10-25 18:22:39,981 - main - INFO - POST /api/v1/users/addresses - Client: 127.0.0.1
2025-10-25 18:22:39,998 - modules.users.manager - INFO - Address created for user 231eeb5a-d43e-4a90-bc15-af8771784405: d3fe8b7a-b964-4159-8d93-bf010985b9a4
2025-10-25 18:22:39,999 - main - INFO - POST /api/v1/users/addresses - Status: 200 - Time: 0.018s
2025-10-25 18:23:21,897 - main - INFO - Shutting down Ajebo Tailor Backend API...
2025-10-25 18:23:21,914 - shared.db - INFO - Database connection pool closed
2025-10-25 18:23:21,914 - main - INFO - Database connection closed
2025-10-25 18:23:27,242 - main - INFO - Starting Ajebo Tailor Backend API...
2025-10-25 18:23:27,725 - shared.db - INFO - Database connection pool created successfully
2025-10-25 18:23:27,725 - main - INFO - Database connection established
2025-10-25 18:23:27,790 - shared.schema - INFO - Database schema initialized successfully
2025-10-25 18:23:27,793 - shared.schema - INFO - Database already has data, skipping seed
2025-10-25 18:23:27,794 - main - INFO - Database schema initialized
2025-10-25 18:23:27,812 - shared.schema - INFO - Customizations column already exists in cart_items table
2025-10-25 18:23:27,813 - main - INFO - Database migrations applied
2025-10-25 18:23:27,816 - main - WARNING - Redis connection failed: Error 61 connecting to localhost:6379. 61.. Rate limiting will use in-memory storage.
2025-10-25 18:23:27,816 - main - INFO - Application startup completed successfully
2025-10-25 18:24:17,680 - main - INFO - POST /api/v1/users/addresses - Client: 127.0.0.1
2025-10-25 18:24:17,761 - modules.users.manager - INFO - Address created for user 231eeb5a-d43e-4a90-bc15-af8771784405: c89c6cff-c478-4ba0-bdf6-1e28a40be192
2025-10-25 18:24:17,772 - main - INFO - POST /api/v1/users/addresses - Status: 200 - Time: 0.093s
2025-10-25 18:24:17,807 - main - INFO - OPTIONS /api/v1/orders - Client: 127.0.0.1
2025-10-25 18:24:17,822 - main - INFO - OPTIONS /api/v1/orders - Status: 200 - Time: 0.014s
2025-10-25 18:24:17,859 - main - INFO - POST /api/v1/orders - Client: 127.0.0.1
2025-10-25 18:24:17,931 - modules.orders.router - ERROR - Create order APIException: Validation failed
2025-10-25 18:24:17,939 - main - INFO - POST /api/v1/orders - Status: 422 - Time: 0.080s
2025-10-25 18:24:43,890 - main - INFO - POST /api/v1/users/addresses - Client: 127.0.0.1
2025-10-25 18:24:44,044 - modules.users.manager - INFO - Address created for user 231eeb5a-d43e-4a90-bc15-af8771784405: 2daad726-d084-4c42-a4f2-976826a8cf00
2025-10-25 18:24:44,045 - main - INFO - POST /api/v1/users/addresses - Status: 200 - Time: 0.155s
2025-10-25 18:24:44,148 - main - INFO - POST /api/v1/orders - Client: 127.0.0.1
2025-10-25 18:24:44,219 - modules.orders.router - ERROR - Create order APIException: Validation failed
2025-10-25 18:24:44,222 - main - INFO - POST /api/v1/orders - Status: 422 - Time: 0.075s
2025-10-25 18:24:56,792 - main - INFO - GET /api/v1/users/addresses - Client: 127.0.0.1
2025-10-25 18:24:56,795 - modules.auth.router - ERROR - Authentication error: 
2025-10-25 18:24:56,797 - main - INFO - GET /api/v1/users/addresses - Status: 401 - Time: 0.005s
2025-10-25 18:27:50,701 - main - INFO - Shutting down Ajebo Tailor Backend API...
2025-10-25 18:27:50,779 - shared.db - INFO - Database connection pool closed
2025-10-25 18:27:50,779 - main - INFO - Database connection closed
2025-10-25 18:27:54,649 - main - INFO - Starting Ajebo Tailor Backend API...
2025-10-25 18:27:54,998 - shared.db - INFO - Database connection pool created successfully
2025-10-25 18:27:54,998 - main - INFO - Database connection established
2025-10-25 18:27:55,065 - shared.schema - INFO - Database schema initialized successfully
2025-10-25 18:27:55,068 - shared.schema - INFO - Database already has data, skipping seed
2025-10-25 18:27:55,068 - main - INFO - Database schema initialized
2025-10-25 18:27:55,087 - shared.schema - INFO - Customizations column already exists in cart_items table
2025-10-25 18:27:55,088 - main - INFO - Database migrations applied
2025-10-25 18:27:55,094 - main - WARNING - Redis connection failed: Error 61 connecting to localhost:6379. 61.. Rate limiting will use in-memory storage.
2025-10-25 18:27:55,096 - main - INFO - Application startup completed successfully
2025-10-25 18:28:03,539 - main - INFO - POST /api/v1/users/addresses - Client: 127.0.0.1
2025-10-25 18:28:03,657 - modules.users.manager - INFO - Address created for user 231eeb5a-d43e-4a90-bc15-af8771784405: cc606648-c313-4136-aee5-5ce720767ab4
2025-10-25 18:28:03,660 - main - INFO - POST /api/v1/users/addresses - Status: 200 - Time: 0.121s
2025-10-25 18:28:03,682 - main - INFO - POST /api/v1/orders - Client: 127.0.0.1
2025-10-25 18:28:03,702 - modules.orders.manager - ERROR - Address cc606648-c313-4136-aee5-5ce720767ab4 does not belong to user 231eeb5a-d43e-4a90-bc15-af8771784405. It belongs to user 231eeb5a-d43e-4a90-bc15-af8771784405
2025-10-25 18:28:03,705 - modules.orders.router - ERROR - Create order APIException: Validation failed
2025-10-25 18:28:03,719 - main - INFO - POST /api/v1/orders - Status: 422 - Time: 0.037s
2025-10-25 18:28:08,819 - main - INFO - Shutting down Ajebo Tailor Backend API...
2025-10-25 18:28:08,841 - shared.db - INFO - Database connection pool closed
2025-10-25 18:28:08,841 - main - INFO - Database connection closed
2025-10-25 18:28:11,570 - main - INFO - Starting Ajebo Tailor Backend API...
2025-10-25 18:28:11,813 - shared.db - INFO - Database connection pool created successfully
2025-10-25 18:28:11,814 - main - INFO - Database connection established
2025-10-25 18:28:11,825 - shared.schema - INFO - Database schema initialized successfully
2025-10-25 18:28:11,827 - shared.schema - INFO - Database already has data, skipping seed
2025-10-25 18:28:11,827 - main - INFO - Database schema initialized
2025-10-25 18:28:11,837 - shared.schema - INFO - Customizations column already exists in cart_items table
2025-10-25 18:28:11,838 - main - INFO - Database migrations applied
2025-10-25 18:28:11,839 - main - WARNING - Redis connection failed: Error 61 connecting to localhost:6379. 61.. Rate limiting will use in-memory storage.
2025-10-25 18:28:11,839 - main - INFO - Application startup completed successfully
2025-10-25 18:28:11,846 - main - INFO - POST /api/v1/users/addresses - Client: 127.0.0.1
2025-10-25 18:28:11,858 - modules.users.manager - INFO - Address created for user 231eeb5a-d43e-4a90-bc15-af8771784405: c958d4fd-7b89-435c-8579-93213320d435
2025-10-25 18:28:11,859 - main - INFO - POST /api/v1/users/addresses - Status: 200 - Time: 0.013s
2025-10-25 18:28:11,869 - main - INFO - POST /api/v1/orders - Client: 127.0.0.1
2025-10-25 18:28:11,895 - modules.orders.manager - ERROR - Address c958d4fd-7b89-435c-8579-93213320d435 does not belong to user 231eeb5a-d43e-4a90-bc15-af8771784405. It belongs to user 231eeb5a-d43e-4a90-bc15-af8771784405
2025-10-25 18:28:11,897 - modules.orders.router - ERROR - Create order APIException: Validation failed
2025-10-25 18:28:11,899 - main - INFO - POST /api/v1/orders - Status: 422 - Time: 0.029s
2025-10-25 18:30:29,262 - main - INFO - Shutting down Ajebo Tailor Backend API...
2025-10-25 18:30:29,269 - shared.db - INFO - Database connection pool closed
2025-10-25 18:30:29,269 - main - INFO - Database connection closed
2025-10-25 18:30:32,976 - main - INFO - Starting Ajebo Tailor Backend API...
2025-10-25 18:30:33,352 - shared.db - INFO - Database connection pool created successfully
2025-10-25 18:30:33,353 - main - INFO - Database connection established
2025-10-25 18:30:33,374 - shared.schema - INFO - Database schema initialized successfully
2025-10-25 18:30:33,376 - shared.schema - INFO - Database already has data, skipping seed
2025-10-25 18:30:33,376 - main - INFO - Database schema initialized
2025-10-25 18:30:33,393 - shared.schema - INFO - Customizations column already exists in cart_items table
2025-10-25 18:30:33,394 - main - INFO - Database migrations applied
2025-10-25 18:30:33,396 - main - WARNING - Redis connection failed: Error 61 connecting to localhost:6379. 61.. Rate limiting will use in-memory storage.
2025-10-25 18:30:33,396 - main - INFO - Application startup completed successfully
2025-10-25 18:31:14,581 - main - INFO - Shutting down Ajebo Tailor Backend API...
2025-10-25 18:31:14,709 - shared.db - INFO - Database connection pool closed
2025-10-25 18:31:14,709 - main - INFO - Database connection closed
2025-10-25 18:31:27,121 - main - INFO - Starting Ajebo Tailor Backend API...
2025-10-25 18:31:28,198 - shared.db - INFO - Database connection pool created successfully
2025-10-25 18:31:28,199 - main - INFO - Database connection established
2025-10-25 18:31:28,334 - shared.schema - INFO - Database schema initialized successfully
2025-10-25 18:31:28,348 - shared.schema - INFO - Database already has data, skipping seed
2025-10-25 18:31:28,348 - main - INFO - Database schema initialized
2025-10-25 18:31:28,361 - shared.schema - INFO - Customizations column already exists in cart_items table
2025-10-25 18:31:28,362 - main - INFO - Database migrations applied
2025-10-25 18:31:28,368 - main - WARNING - Redis connection failed: Error 61 connecting to localhost:6379. 61.. Rate limiting will use in-memory storage.
2025-10-25 18:31:28,369 - main - INFO - Application startup completed successfully
2025-10-25 18:32:01,130 - main - INFO - OPTIONS /api/v1/users/addresses - Client: 127.0.0.1
2025-10-25 18:32:01,137 - main - INFO - OPTIONS /api/v1/users/addresses - Status: 200 - Time: 0.007s
2025-10-25 18:32:01,186 - main - INFO - POST /api/v1/users/addresses - Client: 127.0.0.1
2025-10-25 18:32:01,416 - modules.users.manager - INFO - Address created for user 231eeb5a-d43e-4a90-bc15-af8771784405: 521f2083-df87-4d38-be3c-f9d2cbad7d7c
2025-10-25 18:32:01,417 - main - INFO - POST /api/v1/users/addresses - Status: 200 - Time: 0.231s
2025-10-25 18:32:01,465 - main - INFO - POST /api/v1/orders - Client: 127.0.0.1
2025-10-25 18:32:01,532 - modules.orders.manager - ERROR - Create order error: column "priority" of relation "orders" does not exist
2025-10-25 18:32:01,533 - modules.orders.router - ERROR - Create order APIException: Order creation failed
2025-10-25 18:32:01,534 - main - INFO - POST /api/v1/orders - Status: 500 - Time: 0.069s
2025-10-25 18:35:58,384 - main - INFO - Shutting down Ajebo Tailor Backend API...
2025-10-25 18:35:58,484 - shared.db - INFO - Database connection pool closed
2025-10-25 18:35:58,485 - main - INFO - Database connection closed
2025-10-25 18:36:02,107 - main - INFO - Starting Ajebo Tailor Backend API...
2025-10-25 18:36:02,438 - shared.db - INFO - Database connection pool created successfully
2025-10-25 18:36:02,439 - main - INFO - Database connection established
2025-10-25 18:36:02,460 - shared.schema - INFO - Database schema initialized successfully
2025-10-25 18:36:02,462 - shared.schema - INFO - Database already has data, skipping seed
2025-10-25 18:36:02,462 - main - INFO - Database schema initialized
2025-10-25 18:36:02,473 - shared.schema - INFO - Customizations column already exists in cart_items table
2025-10-25 18:36:02,495 - shared.schema - INFO - Added priority column to orders table
2025-10-25 18:36:02,496 - main - INFO - Database migrations applied
2025-10-25 18:36:02,497 - main - WARNING - Redis connection failed: Error 61 connecting to localhost:6379. 61.. Rate limiting will use in-memory storage.
2025-10-25 18:36:02,497 - main - INFO - Application startup completed successfully
2025-10-25 18:36:24,013 - main - INFO - POST /api/v1/users/addresses - Client: 127.0.0.1
2025-10-25 18:36:24,093 - modules.users.manager - INFO - Address created for user 231eeb5a-d43e-4a90-bc15-af8771784405: 44a1bb11-6577-4408-8a7a-f4c9218f1a72
2025-10-25 18:36:24,094 - main - INFO - POST /api/v1/users/addresses - Status: 200 - Time: 0.082s
2025-10-25 18:36:24,106 - main - INFO - OPTIONS /api/v1/orders - Client: 127.0.0.1
2025-10-25 18:36:24,106 - main - INFO - OPTIONS /api/v1/orders - Status: 200 - Time: 0.001s
2025-10-25 18:36:24,110 - main - INFO - POST /api/v1/orders - Client: 127.0.0.1
2025-10-25 18:36:24,225 - main - INFO - POST /api/v1/orders - Status: 200 - Time: 0.115s
2025-10-25 18:36:36,863 - main - INFO - OPTIONS /api/v1/orders/7078b79f-3860-49e8-9515-9835b39d1f9a - Client: 127.0.0.1
2025-10-25 18:36:36,866 - main - INFO - OPTIONS /api/v1/orders/7078b79f-3860-49e8-9515-9835b39d1f9a - Status: 200 - Time: 0.003s
2025-10-25 18:36:36,886 - main - INFO - GET /api/v1/orders/7078b79f-3860-49e8-9515-9835b39d1f9a - Client: 127.0.0.1
2025-10-25 18:36:36,982 - main - INFO - GET /api/v1/orders/7078b79f-3860-49e8-9515-9835b39d1f9a - Status: 200 - Time: 0.096s
2025-10-25 18:37:23,384 - main - INFO - Shutting down Ajebo Tailor Backend API...
2025-10-25 18:37:23,397 - shared.db - INFO - Database connection pool closed
2025-10-25 18:37:23,397 - main - INFO - Database connection closed
2025-10-25 18:46:01,403 - main - INFO - Starting Ajebo Tailor Backend API...
2025-10-25 18:46:01,769 - shared.db - INFO - Database connection pool created successfully
2025-10-25 18:46:01,769 - main - INFO - Database connection established
2025-10-25 18:46:01,831 - shared.schema - INFO - Database schema initialized successfully
2025-10-25 18:46:01,837 - shared.schema - INFO - Database already has data, skipping seed
2025-10-25 18:46:01,837 - main - INFO - Database schema initialized
2025-10-25 18:46:01,856 - shared.schema - INFO - Customizations column already exists in cart_items table
2025-10-25 18:46:01,859 - shared.schema - INFO - Priority column already exists in orders table
2025-10-25 18:46:01,860 - main - INFO - Database migrations applied
2025-10-25 18:46:01,865 - main - WARNING - Redis connection failed: Error 61 connecting to localhost:6379. 61.. Rate limiting will use in-memory storage.
2025-10-25 18:46:01,866 - main - INFO - Application startup completed successfully
2025-10-26 00:02:51,866 - main - INFO - Shutting down Ajebo Tailor Backend API...
2025-10-26 00:02:51,867 - shared.db - INFO - Database connection pool closed
2025-10-26 00:02:51,867 - main - INFO - Database connection closed
